0 verbose cli D:\Program Files\nodejs\node.exe C:\Users\dhanw\AppData\Roaming\npm\node_modules\npm\bin\npm-cli.js
1 info using npm@11.10.1
2 info using node@v22.20.0
3 silly config load:file:C:\Users\dhanw\AppData\Roaming\npm\node_modules\npm\npmrc
4 silly config load:file:D:\Kodex\collabs\conch\application\.npmrc
5 silly config load:file:C:\Users\dhanw\.npmrc
6 silly config load:file:C:\Users\dhanw\AppData\Roaming\npm\etc\npmrc
7 verbose title npm install socket.io-client
8 verbose argv "install" "socket.io-client" "--cache" ".npm-cache"
9 verbose logfile logs-max:10 dir:D:\Kodex\collabs\conch\application\.npm-cache\_logs\2026-05-04T00_13_52_432Z-
10 verbose logfile D:\Kodex\collabs\conch\application\.npm-cache\_logs\2026-05-04T00_13_52_432Z-debug-0.log
11 warn Unknown env config "arch". This will stop working in the next major version of npm. See `npm help npmrc` for supported config options.
12 silly logfile done cleaning log files
13 silly packumentCache heap:4345298944 maxSize:1086324736 maxEntrySize:543162368
14 silly idealTree buildDeps
15 silly fetch manifest socket.io-client@*
16 silly packumentCache full:https://registry.npmjs.org/socket.io-client cache-miss
17 http fetch GET 200 https://registry.npmjs.org/socket.io-client 801ms (cache miss)
18 silly packumentCache full:https://registry.npmjs.org/socket.io-client set size:undefined disposed:false
19 silly placeDep ROOT socket.io-client@4.8.3 OK for: application@0.1.0 want: *
20 silly fetch manifest @socket.io/component-emitter@~3.1.0
21 silly packumentCache full:https://registry.npmjs.org/@socket.io%2fcomponent-emitter cache-miss
22 silly fetch manifest engine.io-client@~6.6.1
23 silly packumentCache full:https://registry.npmjs.org/engine.io-client cache-miss
24 silly fetch manifest socket.io-parser@~4.2.4
25 silly packumentCache full:https://registry.npmjs.org/socket.io-parser cache-miss
26 http fetch GET 200 https://registry.npmjs.org/@socket.io%2fcomponent-emitter 95ms (cache miss)
27 silly packumentCache full:https://registry.npmjs.org/@socket.io%2fcomponent-emitter set size:undefined disposed:false
28 http fetch GET 200 https://registry.npmjs.org/socket.io-parser 572ms (cache miss)
29 silly packumentCache full:https://registry.npmjs.org/socket.io-parser set size:undefined disposed:false
30 http fetch GET 200 https://registry.npmjs.org/engine.io-client 610ms (cache miss)
31 silly packumentCache full:https://registry.npmjs.org/engine.io-client set size:undefined disposed:false
32 silly placeDep ROOT @socket.io/component-emitter@3.1.2 OK for: socket.io-client@4.8.3 want: ~3.1.0
33 silly placeDep ROOT engine.io-client@6.6.4 OK for: socket.io-client@4.8.3 want: ~6.6.1
34 silly placeDep ROOT socket.io-parser@4.2.6 OK for: socket.io-client@4.8.3 want: ~4.2.4
35 silly fetch manifest engine.io-parser@~5.2.1
36 silly packumentCache full:https://registry.npmjs.org/engine.io-parser cache-miss
37 silly fetch manifest ws@~8.18.3
38 silly packumentCache full:https://registry.npmjs.org/ws cache-miss
39 silly fetch manifest xmlhttprequest-ssl@~2.1.1
40 silly packumentCache full:https://registry.npmjs.org/xmlhttprequest-ssl cache-miss
41 http fetch GET 200 https://registry.npmjs.org/xmlhttprequest-ssl 323ms (cache miss)
42 silly packumentCache full:https://registry.npmjs.org/xmlhttprequest-ssl set size:undefined disposed:false
43 http fetch GET 200 https://registry.npmjs.org/ws 617ms (cache miss)
44 silly packumentCache full:https://registry.npmjs.org/ws set size:undefined disposed:false
45 http fetch GET 200 https://registry.npmjs.org/engine.io-parser 780ms (cache miss)
46 silly packumentCache full:https://registry.npmjs.org/engine.io-parser set size:undefined disposed:false
47 silly fetch manifest bufferutil@^4.0.1
48 silly packumentCache full:https://registry.npmjs.org/bufferutil cache-miss
49 http fetch GET 200 https://registry.npmjs.org/bufferutil 67ms (cache miss)
50 silly packumentCache full:https://registry.npmjs.org/bufferutil set size:undefined disposed:false
51 silly fetch manifest utf-8-validate@>=5.0.2
52 silly packumentCache full:https://registry.npmjs.org/utf-8-validate cache-miss
53 http fetch GET 200 https://registry.npmjs.org/utf-8-validate 867ms (cache miss)
54 silly packumentCache full:https://registry.npmjs.org/utf-8-validate set size:undefined disposed:false
55 silly placeDep ROOT engine.io-parser@5.2.3 OK for: engine.io-client@6.6.4 want: ~5.2.1
56 silly placeDep ROOT ws@8.18.3 OK for: engine.io-client@6.6.4 want: ~8.18.3
57 silly placeDep ROOT xmlhttprequest-ssl@2.1.2 OK for: engine.io-client@6.6.4 want: ~2.1.1
58 silly reify moves {}
59 silly audit bulk request {
59 silly audit   '@babel/code-frame': [ '7.29.0' ],
59 silly audit   '@babel/compat-data': [ '7.29.0' ],
59 silly audit   '@babel/core': [ '7.29.0' ],
59 silly audit   '@babel/generator': [ '7.29.1' ],
59 silly audit   '@babel/helper-compilation-targets': [ '7.28.6' ],
59 silly audit   '@babel/helper-globals': [ '7.28.0' ],
59 silly audit   '@babel/helper-module-imports': [ '7.28.6' ],
59 silly audit   '@babel/helper-module-transforms': [ '7.28.6' ],
59 silly audit   '@babel/helper-string-parser': [ '7.27.1' ],
59 silly audit   '@babel/helper-validator-identifier': [ '7.28.5' ],
59 silly audit   '@babel/helper-validator-option': [ '7.27.1' ],
59 silly audit   '@babel/helpers': [ '7.29.2' ],
59 silly audit   '@babel/parser': [ '7.29.2' ],
59 silly audit   '@babel/template': [ '7.28.6' ],
59 silly audit   '@babel/traverse': [ '7.29.0' ],
59 silly audit   '@babel/types': [ '7.29.0' ],
59 silly audit   '@emnapi/core': [ '1.10.0' ],
59 silly audit   '@emnapi/runtime': [ '1.10.0' ],
59 silly audit   '@emnapi/wasi-threads': [ '1.2.1' ],
59 silly audit   '@eslint-community/eslint-utils': [ '4.9.1' ],
59 silly audit   'eslint-visitor-keys': [ '3.4.3', '5.0.1', '4.2.1' ],
59 silly audit   '@eslint-community/regexpp': [ '4.12.2' ],
59 silly audit   '@eslint/config-array': [ '0.21.2' ],
59 silly audit   '@eslint/config-helpers': [ '0.4.2' ],
59 silly audit   '@eslint/core': [ '0.17.0' ],
59 silly audit   '@eslint/eslintrc': [ '3.3.5' ],
59 silly audit   '@eslint/js': [ '9.39.4' ],
59 silly audit   '@eslint/object-schema': [ '2.1.7' ],
59 silly audit   '@eslint/plugin-kit': [ '0.4.1' ],
59 silly audit   '@humanfs/core': [ '0.19.2' ],
59 silly audit   '@humanfs/node': [ '0.16.8' ],
59 silly audit   '@humanfs/types': [ '0.15.0' ],
59 silly audit   '@humanwhocodes/module-importer': [ '1.0.1' ],
59 silly audit   '@humanwhocodes/retry': [ '0.4.3' ],
59 silly audit   '@img/colour': [ '1.1.0' ],
59 silly audit   '@img/sharp-darwin-arm64': [ '0.34.5' ],
59 silly audit   '@img/sharp-darwin-x64': [ '0.34.5' ],
59 silly audit   '@img/sharp-libvips-darwin-arm64': [ '1.2.4' ],
59 silly audit   '@img/sharp-libvips-darwin-x64': [ '1.2.4' ],
59 silly audit   '@img/sharp-libvips-linux-arm': [ '1.2.4' ],
59 silly audit   '@img/sharp-libvips-linux-arm64': [ '1.2.4' ],
59 silly audit   '@img/sharp-libvips-linux-ppc64': [ '1.2.4' ],
59 silly audit   '@img/sharp-libvips-linux-riscv64': [ '1.2.4' ],
59 silly audit   '@img/sharp-libvips-linux-s390x': [ '1.2.4' ],
59 silly audit   '@img/sharp-libvips-linux-x64': [ '1.2.4' ],
59 silly audit   '@img/sharp-libvips-linuxmusl-arm64': [ '1.2.4' ],
59 silly audit   '@img/sharp-libvips-linuxmusl-x64': [ '1.2.4' ],
59 silly audit   '@img/sharp-linux-arm': [ '0.34.5' ],
59 silly audit   '@img/sharp-linux-arm64': [ '0.34.5' ],
59 silly audit   '@img/sharp-linux-ppc64': [ '0.34.5' ],
59 silly audit   '@img/sharp-linux-riscv64': [ '0.34.5' ],
59 silly audit   '@img/sharp-linux-s390x': [ '0.34.5' ],
59 silly audit   '@img/sharp-linux-x64': [ '0.34.5' ],
59 silly audit   '@img/sharp-linuxmusl-arm64': [ '0.34.5' ],
59 silly audit   '@img/sharp-linuxmusl-x64': [ '0.34.5' ],
59 silly audit   '@img/sharp-wasm32': [ '0.34.5' ],
59 silly audit   '@img/sharp-win32-arm64': [ '0.34.5' ],
59 silly audit   '@img/sharp-win32-ia32': [ '0.34.5' ],
59 silly audit   '@img/sharp-win32-x64': [ '0.34.5' ],
59 silly audit   '@jridgewell/gen-mapping': [ '0.3.13' ],
59 silly audit   '@jridgewell/remapping': [ '2.3.5' ],
59 silly audit   '@jridgewell/resolve-uri': [ '3.1.2' ],
59 silly audit   '@jridgewell/sourcemap-codec': [ '1.5.5' ],
59 silly audit   '@jridgewell/trace-mapping': [ '0.3.31' ],
59 silly audit   '@mongodb-js/saslprep': [ '1.4.9' ],
59 silly audit   '@napi-rs/wasm-runtime': [ '0.2.12' ],
59 silly audit   '@next/env': [ '16.2.4' ],
59 silly audit   '@next/eslint-plugin-next': [ '16.2.4' ],
59 silly audit   '@next/swc-darwin-arm64': [ '16.2.4' ],
59 silly audit   '@next/swc-darwin-x64': [ '16.2.4' ],
59 silly audit   '@next/swc-linux-arm64-gnu': [ '16.2.4' ],
59 silly audit   '@next/swc-linux-arm64-musl': [ '16.2.4' ],
59 silly audit   '@next/swc-linux-x64-gnu': [ '16.2.4' ],
59 silly audit   '@next/swc-linux-x64-musl': [ '16.2.4' ],
59 silly audit   '@next/swc-win32-arm64-msvc': [ '16.2.4' ],
59 silly audit   '@next/swc-win32-x64-msvc': [ '16.2.4' ],
59 silly audit   '@nodelib/fs.scandir': [ '2.1.5' ],
59 silly audit   '@nodelib/fs.stat': [ '2.0.5' ],
59 silly audit   '@nodelib/fs.walk': [ '1.2.8' ],
59 silly audit   '@nolyfill/is-core-module': [ '1.0.39' ],
59 silly audit   '@reduxjs/toolkit': [ '2.11.2' ],
59 silly audit   '@rtsao/scc': [ '1.1.0' ],
59 silly audit   '@standard-schema/spec': [ '1.1.0' ],
59 silly audit   '@standard-schema/utils': [ '0.3.0' ],
59 silly audit   '@swc/helpers': [ '0.5.15' ],
59 silly audit   '@tybys/wasm-util': [ '0.10.1' ],
59 silly audit   '@types/estree': [ '1.0.8' ],
59 silly audit   '@types/json-schema': [ '7.0.15' ],
59 silly audit   '@types/json5': [ '0.0.29' ],
59 silly audit   '@types/use-sync-external-store': [ '0.0.6' ],
59 silly audit   '@types/webidl-conversions': [ '7.0.3' ],
59 silly audit   '@types/whatwg-url': [ '13.0.0' ],
59 silly audit   '@typescript-eslint/eslint-plugin': [ '8.59.1' ],
59 silly audit   ignore: [ '7.0.5', '5.3.2' ],
59 silly audit   '@typescript-eslint/parser': [ '8.59.1' ],
59 silly audit   '@typescript-eslint/project-service': [ '8.59.1' ],
59 silly audit   '@typescript-eslint/scope-manager': [ '8.59.1' ],
59 silly audit   '@typescript-eslint/tsconfig-utils': [ '8.59.1' ],
59 silly audit   '@typescript-eslint/type-utils': [ '8.59.1' ],
59 silly audit   '@typescript-eslint/types': [ '8.59.1' ],
59 silly audit   '@typescript-eslint/typescript-estree': [ '8.59.1' ],
59 silly audit   'balanced-match': [ '4.0.4', '1.0.2' ],
59 silly audit   'brace-expansion': [ '5.0.5', '1.1.14' ],
59 silly audit   minimatch: [ '10.2.5', '3.1.5' ],
59 silly audit   semver: [ '7.7.4', '6.3.1' ],
59 silly audit   '@typescript-eslint/utils': [ '8.59.1' ],
59 silly audit   '@typescript-eslint/visitor-keys': [ '8.59.1' ],
59 silly audit   '@unrs/resolver-binding-android-arm-eabi': [ '1.11.1' ],
59 silly audit   '@unrs/resolver-binding-android-arm64': [ '1.11.1' ],
59 silly audit   '@unrs/resolver-binding-darwin-arm64': [ '1.11.1' ],
59 silly audit   '@unrs/resolver-binding-darwin-x64': [ '1.11.1' ],
59 silly audit   '@unrs/resolver-binding-freebsd-x64': [ '1.11.1' ],
59 silly audit   '@unrs/resolver-binding-linux-arm-gnueabihf': [ '1.11.1' ],
59 silly audit   '@unrs/resolver-binding-linux-arm-musleabihf': [ '1.11.1' ],
59 silly audit   '@unrs/resolver-binding-linux-arm64-gnu': [ '1.11.1' ],
59 silly audit   '@unrs/resolver-binding-linux-arm64-musl': [ '1.11.1' ],
59 silly audit   '@unrs/resolver-binding-linux-ppc64-gnu': [ '1.11.1' ],
59 silly audit   '@unrs/resolver-binding-linux-riscv64-gnu': [ '1.11.1' ],
59 silly audit   '@unrs/resolver-binding-linux-riscv64-musl': [ '1.11.1' ],
59 silly audit   '@unrs/resolver-binding-linux-s390x-gnu': [ '1.11.1' ],
59 silly audit   '@unrs/resolver-binding-linux-x64-gnu': [ '1.11.1' ],
59 silly audit   '@unrs/resolver-binding-linux-x64-musl': [ '1.11.1' ],
59 silly audit   '@unrs/resolver-binding-wasm32-wasi': [ '1.11.1' ],
59 silly audit   '@unrs/resolver-binding-win32-arm64-msvc': [ '1.11.1' ],
59 silly audit   '@unrs/resolver-binding-win32-ia32-msvc': [ '1.11.1' ],
59 silly audit   '@unrs/resolver-binding-win32-x64-msvc': [ '1.11.1' ],
59 silly audit   acorn: [ '8.16.0' ],
59 silly audit   'acorn-jsx': [ '5.3.2' ],
59 silly audit   ajv: [ '6.15.0' ],
59 silly audit   'ansi-styles': [ '4.3.0' ],
59 silly audit   argparse: [ '2.0.1' ],
59 silly audit   'aria-query': [ '5.3.2' ],
59 silly audit   'array-buffer-byte-length': [ '1.0.2' ],
59 silly audit   'array-includes': [ '3.1.9' ],
59 silly audit   'array.prototype.findlast': [ '1.2.5' ],
59 silly audit   'array.prototype.findlastindex': [ '1.2.6' ],
59 silly audit   'array.prototype.flat': [ '1.3.3' ],
59 silly audit   'array.prototype.flatmap': [ '1.3.3' ],
59 silly audit   'array.prototype.tosorted': [ '1.1.4' ],
59 silly audit   'arraybuffer.prototype.slice': [ '1.0.4' ],
59 silly audit   'ast-types-flow': [ '0.0.8' ],
59 silly audit   'async-function': [ '1.0.0' ],
59 silly audit   asynckit: [ '0.4.0' ],
59 silly audit   'available-typed-arrays': [ '1.0.7' ],
59 silly audit   'axe-core': [ '4.11.3' ],
59 silly audit   axios: [ '1.15.2' ],
59 silly audit   'axobject-query': [ '4.1.0' ],
59 silly audit   'baseline-browser-mapping': [ '2.10.23' ],
59 silly audit   bcryptjs: [ '3.0.3' ],
59 silly audit   braces: [ '3.0.3' ],
59 silly audit   browserslist: [ '4.28.2' ],
59 silly audit   bson: [ '7.2.0' ],
59 silly audit   'buffer-equal-constant-time': [ '1.0.1' ],
59 silly audit   'call-bind': [ '1.0.9' ],
59 silly audit   'call-bind-apply-helpers': [ '1.0.2' ],
59 silly audit   'call-bound': [ '1.0.4' ],
59 silly audit   callsites: [ '3.1.0' ],
59 silly audit   'caniuse-lite': [ '1.0.30001791' ],
59 silly audit   chalk: [ '4.1.2' ],
59 silly audit   'client-only': [ '0.0.1' ],
59 silly audit   'color-convert': [ '2.0.1' ],
59 silly audit   'color-name': [ '1.1.4' ],
59 silly audit   'combined-stream': [ '1.0.8' ],
59 silly audit   'concat-map': [ '0.0.1' ],
59 silly audit   'convert-source-map': [ '2.0.0' ],
59 silly audit   cookie: [ '1.1.1' ],
59 silly audit   'cross-spawn': [ '7.0.6' ],
59 silly audit   'damerau-levenshtein': [ '1.0.8' ],
59 silly audit   'data-view-buffer': [ '1.0.2' ],
59 silly audit   'data-view-byte-length': [ '1.0.2' ],
59 silly audit   'data-view-byte-offset': [ '1.0.1' ],
59 silly audit   debug: [ '4.4.3', '3.2.7' ],
59 silly audit   'deep-is': [ '0.1.4' ],
59 silly audit   'define-data-property': [ '1.1.4' ],
59 silly audit   'define-properties': [ '1.2.1' ],
59 silly audit   'delayed-stream': [ '1.0.0' ],
59 silly audit   'detect-libc': [ '2.1.2' ],
59 silly audit   doctrine: [ '2.1.0' ],
59 silly audit   'dunder-proto': [ '1.0.1' ],
59 silly audit   'ecdsa-sig-formatter': [ '1.0.11' ],
59 silly audit   'electron-to-chromium': [ '1.5.344' ],
59 silly audit   'emoji-regex': [ '9.2.2' ],
59 silly audit   'es-abstract': [ '1.24.2' ],
59 silly audit   'es-define-property': [ '1.0.1' ],
59 silly audit   'es-errors': [ '1.3.0' ],
59 silly audit   'es-iterator-helpers': [ '1.3.2' ],
59 silly audit   'es-object-atoms': [ '1.1.1' ],
59 silly audit   'es-set-tostringtag': [ '2.1.0' ],
59 silly audit   'es-shim-unscopables': [ '1.1.0' ],
59 silly audit   'es-to-primitive': [ '1.3.0' ],
59 silly audit   escalade: [ '3.2.0' ],
59 silly audit   'escape-string-regexp': [ '4.0.0' ],
59 silly audit   eslint: [ '9.39.4' ],
59 silly audit   'eslint-config-next': [ '16.2.4' ],
59 silly audit   globals: [ '16.4.0', '14.0.0' ],
59 silly audit   'eslint-import-resolver-node': [ '0.3.10' ],
59 silly audit   'eslint-import-resolver-typescript': [ '3.10.1' ],
59 silly audit   'eslint-module-utils': [ '2.12.1' ],
59 silly audit   'eslint-plugin-import': [ '2.32.0' ],
59 silly audit   'eslint-plugin-jsx-a11y': [ '6.10.2' ],
59 silly audit   'eslint-plugin-react': [ '7.37.5' ],
59 silly audit   'eslint-plugin-react-hooks': [ '7.1.1' ],
59 silly audit   'eslint-scope': [ '8.4.0' ],
59 silly audit   espree: [ '10.4.0' ],
59 silly audit   esquery: [ '1.7.0' ],
59 silly audit   esrecurse: [ '4.3.0' ],
59 silly audit   estraverse: [ '5.3.0' ],
59 silly audit   esutils: [ '2.0.3' ],
59 silly audit   'fast-deep-equal': [ '3.1.3' ],
59 silly audit   'fast-glob': [ '3.3.1' ],
59 silly audit   'glob-parent': [ '5.1.2', '6.0.2' ],
59 silly audit   'fast-json-stable-stringify': [ '2.1.0' ],
59 silly audit   'fast-levenshtein': [ '2.0.6' ],
59 silly audit   fastq: [ '1.20.1' ],
59 silly audit   'file-entry-cache': [ '8.0.0' ],
59 silly audit   'fill-range': [ '7.1.1' ],
59 silly audit   'find-up': [ '5.0.0' ],
59 silly audit   'flat-cache': [ '4.0.1' ],
59 silly audit   flatted: [ '3.4.2' ],
59 silly audit   'follow-redirects': [ '1.16.0' ],
59 silly audit   'for-each': [ '0.3.5' ],
59 silly audit   'form-data': [ '4.0.5' ],
59 silly audit   'function-bind': [ '1.1.2' ],
59 silly audit   'function.prototype.name': [ '1.1.8' ],
59 silly audit   'functions-have-names': [ '1.2.3' ],
59 silly audit   'generator-function': [ '2.0.1' ],
59 silly audit   gensync: [ '1.0.0-beta.2' ],
59 silly audit   'get-intrinsic': [ '1.3.0' ],
59 silly audit   'get-proto': [ '1.0.1' ],
59 silly audit   'get-symbol-description': [ '1.1.0' ],
59 silly audit   'get-tsconfig': [ '4.14.0' ],
59 silly audit   globalthis: [ '1.0.4' ],
59 silly audit   gopd: [ '1.2.0' ],
59 silly audit   gsap: [ '3.15.0' ],
59 silly audit   'has-bigints': [ '1.1.0' ],
59 silly audit   'has-flag': [ '4.0.0' ],
59 silly audit   'has-property-descriptors': [ '1.0.2' ],
59 silly audit   'has-proto': [ '1.2.0' ],
59 silly audit   'has-symbols': [ '1.1.0' ],
59 silly audit   'has-tostringtag': [ '1.0.2' ],
59 silly audit   hasown: [ '2.0.3' ],
59 silly audit   'hermes-estree': [ '0.25.1' ],
59 silly audit   'hermes-parser': [ '0.25.1' ],
59 silly audit   immer: [ '11.1.4' ],
59 silly audit   'import-fresh': [ '3.3.1' ],
59 silly audit   imurmurhash: [ '0.1.4' ],
59 silly audit   'internal-slot': [ '1.1.0' ],
59 silly audit   'is-array-buffer': [ '3.0.5' ],
59 silly audit   'is-async-function': [ '2.1.1' ],
59 silly audit   'is-bigint': [ '1.1.0' ],
59 silly audit   'is-boolean-object': [ '1.2.2' ],
59 silly audit   'is-bun-module': [ '2.0.0' ],
59 silly audit   'is-callable': [ '1.2.7' ],
59 silly audit   'is-core-module': [ '2.16.1' ],
59 silly audit   'is-data-view': [ '1.0.2' ],
59 silly audit   'is-date-object': [ '1.1.0' ],
59 silly audit   'is-extglob': [ '2.1.1' ],
59 silly audit   'is-finalizationregistry': [ '1.1.1' ],
59 silly audit   'is-generator-function': [ '1.1.2' ],
59 silly audit   'is-glob': [ '4.0.3' ],
59 silly audit   'is-map': [ '2.0.3' ],
59 silly audit   'is-negative-zero': [ '2.0.3' ],
59 silly audit   'is-number': [ '7.0.0' ],
59 silly audit   'is-number-object': [ '1.1.1' ],
59 silly audit   'is-regex': [ '1.2.1' ],
59 silly audit   'is-set': [ '2.0.3' ],
59 silly audit   'is-shared-array-buffer': [ '1.0.4' ],
59 silly audit   'is-string': [ '1.1.1' ],
59 silly audit   'is-symbol': [ '1.1.1' ],
59 silly audit   'is-typed-array': [ '1.1.15' ],
59 silly audit   'is-weakmap': [ '2.0.2' ],
59 silly audit   'is-weakref': [ '1.1.1' ],
59 silly audit   'is-weakset': [ '2.0.4' ],
59 silly audit   isarray: [ '2.0.5' ],
59 silly audit   isexe: [ '2.0.0' ],
59 silly audit   'iterator.prototype': [ '1.1.5' ],
59 silly audit   'js-tokens': [ '4.0.0' ],
59 silly audit   'js-yaml': [ '4.1.1' ],
59 silly audit   jsesc: [ '3.1.0' ],
59 silly audit   'json-buffer': [ '3.0.1' ],
59 silly audit   'json-schema-traverse': [ '0.4.1' ],
59 silly audit   'json-stable-stringify-without-jsonify': [ '1.0.1' ],
59 silly audit   json5: [ '2.2.3', '1.0.2' ],
59 silly audit   jsonwebtoken: [ '9.0.3' ],
59 silly audit   'jsx-ast-utils': [ '3.3.5' ],
59 silly audit   jwa: [ '2.0.1' ],
59 silly audit   jws: [ '4.0.1' ],
59 silly audit   kareem: [ '3.3.0' ],
59 silly audit   keyv: [ '4.5.4' ],
59 silly audit   'language-subtag-registry': [ '0.3.23' ],
59 silly audit   'language-tags': [ '1.0.9' ],
59 silly audit   lenis: [ '1.3.23' ],
59 silly audit   levn: [ '0.4.1' ],
59 silly audit   'locate-path': [ '6.0.0' ],
59 silly audit   'lodash.includes': [ '4.3.0' ],
59 silly audit   'lodash.isboolean': [ '3.0.3' ],
59 silly audit   'lodash.isinteger': [ '4.0.4' ],
59 silly audit   'lodash.isnumber': [ '3.0.3' ],
59 silly audit   'lodash.isplainobject': [ '4.0.6' ],
59 silly audit   'lodash.isstring': [ '4.0.1' ],
59 silly audit   'lodash.merge': [ '4.6.2' ],
59 silly audit   'lodash.once': [ '4.1.1' ],
59 silly audit   'loose-envify': [ '1.4.0' ],
59 silly audit   'lru-cache': [ '5.1.1' ],
59 silly audit   'math-intrinsics': [ '1.1.0' ],
59 silly audit   'memory-pager': [ '1.5.0' ],
59 silly audit   merge2: [ '1.4.1' ],
59 silly audit   micromatch: [ '4.0.8' ],
59 silly audit   'mime-db': [ '1.52.0' ],
59 silly audit   'mime-types': [ '2.1.35' ],
59 silly audit   minimist: [ '1.2.8' ],
59 silly audit   mongodb: [ '7.2.0' ],
59 silly audit   'mongodb-connection-string-url': [ '7.0.1' ],
59 silly audit   mongoose: [ '9.6.0' ],
59 silly audit   mpath: [ '0.9.0' ],
59 silly audit   mquery: [ '6.0.0' ],
59 silly audit   ms: [ '2.1.3' ],
59 silly audit   nanoid: [ '3.3.11' ],
59 silly audit   'napi-postinstall': [ '0.3.4' ],
59 silly audit   'natural-compare': [ '1.4.0' ],
59 silly audit   next: [ '16.2.4' ],
59 silly audit   'node-exports-info': [ '1.6.0' ],
59 silly audit   'node-releases': [ '2.0.38' ],
59 silly audit   nodemailer: [ '8.0.7' ],
59 silly audit   'object-assign': [ '4.1.1' ],
59 silly audit   'object-inspect': [ '1.13.4' ],
59 silly audit   'object-keys': [ '1.1.1' ],
59 silly audit   'object.assign': [ '4.1.7' ],
59 silly audit   'object.entries': [ '1.1.9' ],
59 silly audit   'object.fromentries': [ '2.0.8' ],
59 silly audit   'object.groupby': [ '1.0.3' ],
59 silly audit   'object.values': [ '1.2.1' ],
59 silly audit   optionator: [ '0.9.4' ],
59 silly audit   'own-keys': [ '1.0.1' ],
59 silly audit   'p-limit': [ '3.1.0' ],
59 silly audit   'p-locate': [ '5.0.0' ],
59 silly audit   'parent-module': [ '1.0.1' ],
59 silly audit   'path-exists': [ '4.0.0' ],
59 silly audit   'path-key': [ '3.1.1' ],
59 silly audit   'path-parse': [ '1.0.7' ],
59 silly audit   picocolors: [ '1.1.1' ],
59 silly audit   picomatch: [ '2.3.2', '4.0.4' ],
59 silly audit   'possible-typed-array-names': [ '1.1.0' ],
59 silly audit   postcss: [ '8.4.31' ],
59 silly audit   'prelude-ls': [ '1.2.1' ],
59 silly audit   'prop-types': [ '15.8.1' ],
59 silly audit   'proxy-from-env': [ '2.1.0' ],
59 silly audit   punycode: [ '2.3.1' ],
59 silly audit   'queue-microtask': [ '1.2.3' ],
59 silly audit   react: [ '19.2.4' ],
59 silly audit   'react-dom': [ '19.2.4' ],
59 silly audit   'react-is': [ '16.13.1' ],
59 silly audit   'react-redux': [ '9.2.0' ],
59 silly audit   'react-router': [ '7.14.2' ],
59 silly audit   redux: [ '5.0.1' ],
59 silly audit   'redux-thunk': [ '3.1.0' ],
59 silly audit   'reflect.getprototypeof': [ '1.0.10' ],
59 silly audit   'regexp.prototype.flags': [ '1.5.4' ],
59 silly audit   reselect: [ '5.1.1' ],
59 silly audit   resolve: [ '2.0.0-next.6' ],
59 silly audit   'resolve-from': [ '4.0.0' ],
59 silly audit   'resolve-pkg-maps': [ '1.0.0' ],
59 silly audit   reusify: [ '1.1.0' ],
59 silly audit   'run-parallel': [ '1.2.0' ],
59 silly audit   'safe-array-concat': [ '1.1.4' ],
59 silly audit   'safe-buffer': [ '5.2.1' ],
59 silly audit   'safe-push-apply': [ '1.0.0' ],
59 silly audit   'safe-regex-test': [ '1.1.0' ],
59 silly audit   scheduler: [ '0.27.0' ],
59 silly audit   'set-cookie-parser': [ '2.7.2' ],
59 silly audit   'set-function-length': [ '1.2.2' ],
59 silly audit   'set-function-name': [ '2.0.2' ],
59 silly audit   'set-proto': [ '1.0.0' ],
59 silly audit   sharp: [ '0.34.5' ],
59 silly audit   'shebang-command': [ '2.0.0' ],
59 silly audit   'shebang-regex': [ '3.0.0' ],
59 silly audit   'side-channel': [ '1.1.0' ],
59 silly audit   'side-channel-list': [ '1.0.1' ],
59 silly audit   'side-channel-map': [ '1.0.1' ],
59 silly audit   'side-channel-weakmap': [ '1.0.2' ],
59 silly audit   sift: [ '17.1.3' ],
59 silly audit   'source-map-js': [ '1.2.1' ],
59 silly audit   'sparse-bitfield': [ '3.0.3' ],
59 silly audit   'stable-hash': [ '0.0.5' ],
59 silly audit   'stop-iteration-iterator': [ '1.1.0' ],
59 silly audit   'string.prototype.includes': [ '2.0.1' ],
59 silly audit   'string.prototype.matchall': [ '4.0.12' ],
59 silly audit   'string.prototype.repeat': [ '1.0.0' ],
59 silly audit   'string.prototype.trim': [ '1.2.10' ],
59 silly audit   'string.prototype.trimend': [ '1.0.9' ],
59 silly audit   'string.prototype.trimstart': [ '1.0.8' ],
59 silly audit   'strip-bom': [ '3.0.0' ],
59 silly audit   'strip-json-comments': [ '3.1.1' ],
59 silly audit   'styled-jsx': [ '5.1.6' ],
59 silly audit   'supports-color': [ '7.2.0' ],
59 silly audit   'supports-preserve-symlinks-flag': [ '1.0.0' ],
59 silly audit   three: [ '0.184.0' ],
59 silly audit   tinyglobby: [ '0.2.16' ],
59 silly audit   fdir: [ '6.5.0' ],
59 silly audit   'to-regex-range': [ '5.0.1' ],
59 silly audit   tr46: [ '5.1.1' ],
59 silly audit   'ts-api-utils': [ '2.5.0' ],
59 silly audit   'tsconfig-paths': [ '3.15.0' ],
59 silly audit   tslib: [ '2.8.1' ],
59 silly audit   'type-check': [ '0.4.0' ],
59 silly audit   'typed-array-buffer': [ '1.0.3' ],
59 silly audit   'typed-array-byte-length': [ '1.0.3' ],
59 silly audit   'typed-array-byte-offset': [ '1.0.4' ],
59 silly audit   'typed-array-length': [ '1.0.7' ],
59 silly audit   typescript: [ '6.0.3' ],
59 silly audit   'typescript-eslint': [ '8.59.1' ],
59 silly audit   'unbox-primitive': [ '1.1.0' ],
59 silly audit   'unrs-resolver': [ '1.11.1' ],
59 silly audit   'update-browserslist-db': [ '1.2.3' ],
59 silly audit   'uri-js': [ '4.4.1' ],
59 silly audit   'use-sync-external-store': [ '1.6.0' ],
59 silly audit   'webidl-conversions': [ '7.0.0' ],
59 silly audit   'whatwg-url': [ '14.2.0' ],
59 silly audit   which: [ '2.0.2' ],
59 silly audit   'which-boxed-primitive': [ '1.1.1' ],
59 silly audit   'which-builtin-type': [ '1.2.1' ],
59 silly audit   'which-collection': [ '1.0.2' ],
59 silly audit   'which-typed-array': [ '1.1.20' ],
59 silly audit   'word-wrap': [ '1.2.5' ],
59 silly audit   yallist: [ '3.1.1' ],
59 silly audit   'yocto-queue': [ '0.1.0' ],
59 silly audit   zod: [ '4.3.6' ],
59 silly audit   'zod-validation-error': [ '4.0.2' ],
59 silly audit   'socket.io-client': [ '4.8.3' ],
59 silly audit   '@socket.io/component-emitter': [ '3.1.2' ],
59 silly audit   'engine.io-client': [ '6.6.4' ],
59 silly audit   'socket.io-parser': [ '4.2.6' ],
59 silly audit   'engine.io-parser': [ '5.2.3' ],
59 silly audit   ws: [ '8.18.3' ],
59 silly audit   'xmlhttprequest-ssl': [ '2.1.2' ]
59 silly audit }
60 http cache @socket.io/component-emitter@https://registry.npmjs.org/@socket.io/component-emitter/-/component-emitter-3.1.2.tgz 1ms (cache hit)
61 http cache xmlhttprequest-ssl@https://registry.npmjs.org/xmlhttprequest-ssl/-/xmlhttprequest-ssl-2.1.2.tgz 0ms (cache hit)
62 http cache ws@https://registry.npmjs.org/ws/-/ws-8.18.3.tgz 0ms (cache hit)
63 http cache engine.io-client@https://registry.npmjs.org/engine.io-client/-/engine.io-client-6.6.4.tgz 0ms (cache hit)
64 http cache socket.io-parser@https://registry.npmjs.org/socket.io-parser/-/socket.io-parser-4.2.6.tgz 0ms (cache hit)
65 http cache socket.io-client@https://registry.npmjs.org/socket.io-client/-/socket.io-client-4.8.3.tgz 0ms (cache hit)
66 http cache engine.io-parser@https://registry.npmjs.org/engine.io-parser/-/engine.io-parser-5.2.3.tgz 0ms (cache hit)
67 silly tarball no local data for @socket.io/component-emitter@https://registry.npmjs.org/@socket.io/component-emitter/-/component-emitter-3.1.2.tgz. Extracting by manifest.
68 silly tarball no local data for xmlhttprequest-ssl@https://registry.npmjs.org/xmlhttprequest-ssl/-/xmlhttprequest-ssl-2.1.2.tgz. Extracting by manifest.
69 silly tarball no local data for ws@https://registry.npmjs.org/ws/-/ws-8.18.3.tgz. Extracting by manifest.
70 silly tarball no local data for socket.io-parser@https://registry.npmjs.org/socket.io-parser/-/socket.io-parser-4.2.6.tgz. Extracting by manifest.
71 silly tarball no local data for engine.io-client@https://registry.npmjs.org/engine.io-client/-/engine.io-client-6.6.4.tgz. Extracting by manifest.
72 silly tarball no local data for socket.io-client@https://registry.npmjs.org/socket.io-client/-/socket.io-client-4.8.3.tgz. Extracting by manifest.
73 silly tarball no local data for engine.io-parser@https://registry.npmjs.org/engine.io-parser/-/engine.io-parser-5.2.3.tgz. Extracting by manifest.
74 http fetch GET 200 https://registry.npmjs.org/xmlhttprequest-ssl/-/xmlhttprequest-ssl-2.1.2.tgz 82ms (cache miss)
75 http fetch GET 200 https://registry.npmjs.org/@socket.io/component-emitter/-/component-emitter-3.1.2.tgz 320ms (cache miss)
76 http fetch POST 200 https://registry.npmjs.org/-/npm/v1/security/advisories/bulk 331ms
77 silly audit report {
77 silly audit report   postcss: [
77 silly audit report     {
77 silly audit report       id: 1117015,
77 silly audit report       url: 'https://github.com/advisories/GHSA-qx2v-qp2m-jg93',
77 silly audit report       title: 'PostCSS has XSS via Unescaped </style> in its CSS Stringify Output',
77 silly audit report       severity: 'moderate',
77 silly audit report       vulnerable_versions: '<8.5.10',
77 silly audit report       cwe: [Array],
77 silly audit report       cvss: [Object]
77 silly audit report     }
77 silly audit report   ]
77 silly audit report }
78 silly packumentCache corgi:https://registry.npmjs.org/postcss cache-miss
79 http fetch GET 200 https://registry.npmjs.org/ws/-/ws-8.18.3.tgz 360ms (cache miss)
80 http fetch GET 200 https://registry.npmjs.org/socket.io-parser/-/socket.io-parser-4.2.6.tgz 367ms (cache miss)
81 http fetch GET 200 https://registry.npmjs.org/engine.io-parser/-/engine.io-parser-5.2.3.tgz 379ms (cache miss)
82 http fetch GET 200 https://registry.npmjs.org/postcss 105ms (cache revalidated)
83 silly packumentCache corgi:https://registry.npmjs.org/postcss set size:343029 disposed:false
84 silly packumentCache corgi:https://registry.npmjs.org/next cache-miss
85 http fetch GET 200 https://registry.npmjs.org/next 322ms (cache revalidated)
86 silly packumentCache corgi:https://registry.npmjs.org/next set size:24842227 disposed:false
87 http fetch GET 200 https://registry.npmjs.org/socket.io-client/-/socket.io-client-4.8.3.tgz 1085ms (cache miss)
88 http fetch GET 200 https://registry.npmjs.org/engine.io-client/-/engine.io-client-6.6.4.tgz 1103ms (cache miss)
89 silly ADD node_modules/xmlhttprequest-ssl
90 silly ADD node_modules/ws
91 silly ADD node_modules/engine.io-parser
92 silly ADD node_modules/socket.io-parser
93 silly ADD node_modules/engine.io-client
94 silly ADD node_modules/@socket.io/component-emitter
95 silly ADD node_modules/socket.io-client
96 verbose cwd D:\Kodex\collabs\conch\application
97 verbose os Windows_NT 10.0.26200
98 verbose node v22.20.0
99 verbose npm  v11.10.1
100 verbose exit 0
101 info ok
