0 verbose cli D:\Program Files\nodejs\node.exe C:\Users\dhanw\AppData\Roaming\npm\node_modules\npm\bin\npm-cli.js
1 info using npm@11.10.1
2 info using node@v22.20.0
3 silly config load:file:C:\Users\dhanw\AppData\Roaming\npm\node_modules\npm\npmrc
4 silly config load:file:D:\Kodex\collabs\conch\application\.npmrc
5 silly config load:file:C:\Users\dhanw\.npmrc
6 silly config load:file:C:\Users\dhanw\AppData\Roaming\npm\etc\npmrc
7 verbose title npm install multer cloudinary
8 verbose argv "install" "multer" "cloudinary"
9 verbose logfile logs-max:10 dir:D:\Kodex\collabs\conch\application\.npm-cache\_logs\2026-05-03T19_32_38_102Z-
10 verbose logfile D:\Kodex\collabs\conch\application\.npm-cache\_logs\2026-05-03T19_32_38_102Z-debug-0.log
11 warn Unknown env config "arch". This will stop working in the next major version of npm. See `npm help npmrc` for supported config options.
12 silly logfile done cleaning log files
13 silly packumentCache heap:4345298944 maxSize:1086324736 maxEntrySize:543162368
14 silly idealTree buildDeps
15 silly fetch manifest multer@*
16 silly packumentCache full:https://registry.npmjs.org/multer cache-miss
17 http fetch GET 200 https://registry.npmjs.org/multer 750ms (cache miss)
18 silly packumentCache full:https://registry.npmjs.org/multer set size:undefined disposed:false
19 silly fetch manifest cloudinary@*
20 silly packumentCache full:https://registry.npmjs.org/cloudinary cache-miss
21 http fetch GET 200 https://registry.npmjs.org/cloudinary 367ms (cache miss)
22 silly packumentCache full:https://registry.npmjs.org/cloudinary set size:undefined disposed:false
23 silly placeDep ROOT cloudinary@2.10.0 OK for: application@0.1.0 want: *
24 silly placeDep ROOT multer@2.1.1 OK for: application@0.1.0 want: *
25 silly fetch manifest lodash@^4.17.23
26 silly packumentCache full:https://registry.npmjs.org/lodash cache-miss
27 silly fetch manifest append-field@^1.0.0
28 silly packumentCache full:https://registry.npmjs.org/append-field cache-miss
29 silly fetch manifest busboy@^1.6.0
30 silly packumentCache full:https://registry.npmjs.org/busboy cache-miss
31 silly fetch manifest concat-stream@^2.0.0
32 silly packumentCache full:https://registry.npmjs.org/concat-stream cache-miss
33 silly fetch manifest type-is@^1.6.18
34 silly packumentCache full:https://registry.npmjs.org/type-is cache-miss
35 http fetch GET 200 https://registry.npmjs.org/lodash 277ms (cache miss)
36 silly packumentCache full:https://registry.npmjs.org/lodash set size:undefined disposed:false
37 http fetch GET 200 https://registry.npmjs.org/concat-stream 458ms (cache miss)
38 silly packumentCache full:https://registry.npmjs.org/concat-stream set size:undefined disposed:false
39 http fetch GET 200 https://registry.npmjs.org/append-field 474ms (cache miss)
40 silly packumentCache full:https://registry.npmjs.org/append-field set size:undefined disposed:false
41 http fetch GET 200 https://registry.npmjs.org/type-is 474ms (cache miss)
42 silly packumentCache full:https://registry.npmjs.org/type-is set size:undefined disposed:false
43 http fetch GET 200 https://registry.npmjs.org/busboy 674ms (cache miss)
44 silly packumentCache full:https://registry.npmjs.org/busboy set size:undefined disposed:false
45 silly placeDep ROOT lodash@4.18.1 OK for: cloudinary@2.10.0 want: ^4.17.23
46 silly placeDep ROOT append-field@1.0.0 OK for: multer@2.1.1 want: ^1.0.0
47 silly placeDep ROOT busboy@1.6.0 OK for: multer@2.1.1 want: ^1.6.0
48 silly placeDep ROOT concat-stream@2.0.0 OK for: multer@2.1.1 want: ^2.0.0
49 silly placeDep ROOT type-is@1.6.18 OK for: multer@2.1.1 want: ^1.6.18
50 silly fetch manifest streamsearch@^1.1.0
51 silly packumentCache full:https://registry.npmjs.org/streamsearch cache-miss
52 silly fetch manifest buffer-from@^1.0.0
53 silly packumentCache full:https://registry.npmjs.org/buffer-from cache-miss
54 silly fetch manifest inherits@^2.0.3
55 silly packumentCache full:https://registry.npmjs.org/inherits cache-miss
56 silly fetch manifest readable-stream@^3.0.2
57 silly packumentCache full:https://registry.npmjs.org/readable-stream cache-miss
58 silly fetch manifest typedarray@^0.0.6
59 silly packumentCache full:https://registry.npmjs.org/typedarray cache-miss
60 silly fetch manifest media-typer@0.3.0
61 silly packumentCache full:https://registry.npmjs.org/media-typer cache-miss
62 http fetch GET 200 https://registry.npmjs.org/buffer-from 138ms (cache miss)
63 silly packumentCache full:https://registry.npmjs.org/buffer-from set size:undefined disposed:false
64 http fetch GET 200 https://registry.npmjs.org/streamsearch 143ms (cache miss)
65 silly packumentCache full:https://registry.npmjs.org/streamsearch set size:undefined disposed:false
66 http fetch GET 200 https://registry.npmjs.org/inherits 153ms (cache miss)
67 silly packumentCache full:https://registry.npmjs.org/inherits set size:undefined disposed:false
68 http fetch GET 200 https://registry.npmjs.org/readable-stream 169ms (cache miss)
69 silly packumentCache full:https://registry.npmjs.org/readable-stream set size:undefined disposed:false
70 http fetch GET 200 https://registry.npmjs.org/typedarray 354ms (cache miss)
71 silly packumentCache full:https://registry.npmjs.org/typedarray set size:undefined disposed:false
72 http fetch GET 200 https://registry.npmjs.org/media-typer 457ms (cache miss)
73 silly packumentCache full:https://registry.npmjs.org/media-typer set size:undefined disposed:false
74 silly placeDep ROOT streamsearch@1.1.0 OK for: busboy@1.6.0 want: ^1.1.0
75 silly placeDep ROOT buffer-from@1.1.2 OK for: concat-stream@2.0.0 want: ^1.0.0
76 silly placeDep ROOT inherits@2.0.4 OK for: concat-stream@2.0.0 want: ^2.0.3
77 silly placeDep ROOT readable-stream@3.6.2 OK for: concat-stream@2.0.0 want: ^3.0.2
78 silly placeDep ROOT typedarray@0.0.6 OK for: concat-stream@2.0.0 want: ^0.0.6
79 silly fetch manifest string_decoder@^1.1.1
80 silly packumentCache full:https://registry.npmjs.org/string_decoder cache-miss
81 silly fetch manifest util-deprecate@^1.0.1
82 silly packumentCache full:https://registry.npmjs.org/util-deprecate cache-miss
83 http fetch GET 200 https://registry.npmjs.org/util-deprecate 289ms (cache miss)
84 silly packumentCache full:https://registry.npmjs.org/util-deprecate set size:undefined disposed:false
85 http fetch GET 200 https://registry.npmjs.org/string_decoder 299ms (cache miss)
86 silly packumentCache full:https://registry.npmjs.org/string_decoder set size:undefined disposed:false
87 silly placeDep ROOT string_decoder@1.3.0 OK for: readable-stream@3.6.2 want: ^1.1.1
88 silly placeDep ROOT util-deprecate@1.0.2 OK for: readable-stream@3.6.2 want: ^1.0.1
89 silly placeDep ROOT media-typer@0.3.0 OK for: type-is@1.6.18 want: 0.3.0
90 silly reify moves {}
91 silly audit bulk request {
91 silly audit   '@babel/code-frame': [ '7.29.0' ],
91 silly audit   '@babel/compat-data': [ '7.29.0' ],
91 silly audit   '@babel/core': [ '7.29.0' ],
91 silly audit   '@babel/generator': [ '7.29.1' ],
91 silly audit   '@babel/helper-compilation-targets': [ '7.28.6' ],
91 silly audit   '@babel/helper-globals': [ '7.28.0' ],
91 silly audit   '@babel/helper-module-imports': [ '7.28.6' ],
91 silly audit   '@babel/helper-module-transforms': [ '7.28.6' ],
91 silly audit   '@babel/helper-string-parser': [ '7.27.1' ],
91 silly audit   '@babel/helper-validator-identifier': [ '7.28.5' ],
91 silly audit   '@babel/helper-validator-option': [ '7.27.1' ],
91 silly audit   '@babel/helpers': [ '7.29.2' ],
91 silly audit   '@babel/parser': [ '7.29.2' ],
91 silly audit   '@babel/template': [ '7.28.6' ],
91 silly audit   '@babel/traverse': [ '7.29.0' ],
91 silly audit   '@babel/types': [ '7.29.0' ],
91 silly audit   '@emnapi/core': [ '1.10.0' ],
91 silly audit   '@emnapi/runtime': [ '1.10.0' ],
91 silly audit   '@emnapi/wasi-threads': [ '1.2.1' ],
91 silly audit   '@eslint-community/eslint-utils': [ '4.9.1' ],
91 silly audit   'eslint-visitor-keys': [ '3.4.3', '5.0.1', '4.2.1' ],
91 silly audit   '@eslint-community/regexpp': [ '4.12.2' ],
91 silly audit   '@eslint/config-array': [ '0.21.2' ],
91 silly audit   '@eslint/config-helpers': [ '0.4.2' ],
91 silly audit   '@eslint/core': [ '0.17.0' ],
91 silly audit   '@eslint/eslintrc': [ '3.3.5' ],
91 silly audit   '@eslint/js': [ '9.39.4' ],
91 silly audit   '@eslint/object-schema': [ '2.1.7' ],
91 silly audit   '@eslint/plugin-kit': [ '0.4.1' ],
91 silly audit   '@humanfs/core': [ '0.19.2' ],
91 silly audit   '@humanfs/node': [ '0.16.8' ],
91 silly audit   '@humanfs/types': [ '0.15.0' ],
91 silly audit   '@humanwhocodes/module-importer': [ '1.0.1' ],
91 silly audit   '@humanwhocodes/retry': [ '0.4.3' ],
91 silly audit   '@img/colour': [ '1.1.0' ],
91 silly audit   '@img/sharp-darwin-arm64': [ '0.34.5' ],
91 silly audit   '@img/sharp-darwin-x64': [ '0.34.5' ],
91 silly audit   '@img/sharp-libvips-darwin-arm64': [ '1.2.4' ],
91 silly audit   '@img/sharp-libvips-darwin-x64': [ '1.2.4' ],
91 silly audit   '@img/sharp-libvips-linux-arm': [ '1.2.4' ],
91 silly audit   '@img/sharp-libvips-linux-arm64': [ '1.2.4' ],
91 silly audit   '@img/sharp-libvips-linux-ppc64': [ '1.2.4' ],
91 silly audit   '@img/sharp-libvips-linux-riscv64': [ '1.2.4' ],
91 silly audit   '@img/sharp-libvips-linux-s390x': [ '1.2.4' ],
91 silly audit   '@img/sharp-libvips-linux-x64': [ '1.2.4' ],
91 silly audit   '@img/sharp-libvips-linuxmusl-arm64': [ '1.2.4' ],
91 silly audit   '@img/sharp-libvips-linuxmusl-x64': [ '1.2.4' ],
91 silly audit   '@img/sharp-linux-arm': [ '0.34.5' ],
91 silly audit   '@img/sharp-linux-arm64': [ '0.34.5' ],
91 silly audit   '@img/sharp-linux-ppc64': [ '0.34.5' ],
91 silly audit   '@img/sharp-linux-riscv64': [ '0.34.5' ],
91 silly audit   '@img/sharp-linux-s390x': [ '0.34.5' ],
91 silly audit   '@img/sharp-linux-x64': [ '0.34.5' ],
91 silly audit   '@img/sharp-linuxmusl-arm64': [ '0.34.5' ],
91 silly audit   '@img/sharp-linuxmusl-x64': [ '0.34.5' ],
91 silly audit   '@img/sharp-wasm32': [ '0.34.5' ],
91 silly audit   '@img/sharp-win32-arm64': [ '0.34.5' ],
91 silly audit   '@img/sharp-win32-ia32': [ '0.34.5' ],
91 silly audit   '@img/sharp-win32-x64': [ '0.34.5' ],
91 silly audit   '@jridgewell/gen-mapping': [ '0.3.13' ],
91 silly audit   '@jridgewell/remapping': [ '2.3.5' ],
91 silly audit   '@jridgewell/resolve-uri': [ '3.1.2' ],
91 silly audit   '@jridgewell/sourcemap-codec': [ '1.5.5' ],
91 silly audit   '@jridgewell/trace-mapping': [ '0.3.31' ],
91 silly audit   '@mongodb-js/saslprep': [ '1.4.9' ],
91 silly audit   '@napi-rs/wasm-runtime': [ '0.2.12' ],
91 silly audit   '@next/env': [ '16.2.4' ],
91 silly audit   '@next/eslint-plugin-next': [ '16.2.4' ],
91 silly audit   '@next/swc-darwin-arm64': [ '16.2.4' ],
91 silly audit   '@next/swc-darwin-x64': [ '16.2.4' ],
91 silly audit   '@next/swc-linux-arm64-gnu': [ '16.2.4' ],
91 silly audit   '@next/swc-linux-arm64-musl': [ '16.2.4' ],
91 silly audit   '@next/swc-linux-x64-gnu': [ '16.2.4' ],
91 silly audit   '@next/swc-linux-x64-musl': [ '16.2.4' ],
91 silly audit   '@next/swc-win32-arm64-msvc': [ '16.2.4' ],
91 silly audit   '@next/swc-win32-x64-msvc': [ '16.2.4' ],
91 silly audit   '@nodelib/fs.scandir': [ '2.1.5' ],
91 silly audit   '@nodelib/fs.stat': [ '2.0.5' ],
91 silly audit   '@nodelib/fs.walk': [ '1.2.8' ],
91 silly audit   '@nolyfill/is-core-module': [ '1.0.39' ],
91 silly audit   '@reduxjs/toolkit': [ '2.11.2' ],
91 silly audit   '@rtsao/scc': [ '1.1.0' ],
91 silly audit   '@standard-schema/spec': [ '1.1.0' ],
91 silly audit   '@standard-schema/utils': [ '0.3.0' ],
91 silly audit   '@swc/helpers': [ '0.5.15' ],
91 silly audit   '@tybys/wasm-util': [ '0.10.1' ],
91 silly audit   '@types/estree': [ '1.0.8' ],
91 silly audit   '@types/json-schema': [ '7.0.15' ],
91 silly audit   '@types/json5': [ '0.0.29' ],
91 silly audit   '@types/use-sync-external-store': [ '0.0.6' ],
91 silly audit   '@types/webidl-conversions': [ '7.0.3' ],
91 silly audit   '@types/whatwg-url': [ '13.0.0' ],
91 silly audit   '@typescript-eslint/eslint-plugin': [ '8.59.1' ],
91 silly audit   ignore: [ '7.0.5', '5.3.2' ],
91 silly audit   '@typescript-eslint/parser': [ '8.59.1' ],
91 silly audit   '@typescript-eslint/project-service': [ '8.59.1' ],
91 silly audit   '@typescript-eslint/scope-manager': [ '8.59.1' ],
91 silly audit   '@typescript-eslint/tsconfig-utils': [ '8.59.1' ],
91 silly audit   '@typescript-eslint/type-utils': [ '8.59.1' ],
91 silly audit   '@typescript-eslint/types': [ '8.59.1' ],
91 silly audit   '@typescript-eslint/typescript-estree': [ '8.59.1' ],
91 silly audit   'balanced-match': [ '4.0.4', '1.0.2' ],
91 silly audit   'brace-expansion': [ '5.0.5', '1.1.14' ],
91 silly audit   minimatch: [ '10.2.5', '3.1.5' ],
91 silly audit   semver: [ '7.7.4', '6.3.1' ],
91 silly audit   '@typescript-eslint/utils': [ '8.59.1' ],
91 silly audit   '@typescript-eslint/visitor-keys': [ '8.59.1' ],
91 silly audit   '@unrs/resolver-binding-android-arm-eabi': [ '1.11.1' ],
91 silly audit   '@unrs/resolver-binding-android-arm64': [ '1.11.1' ],
91 silly audit   '@unrs/resolver-binding-darwin-arm64': [ '1.11.1' ],
91 silly audit   '@unrs/resolver-binding-darwin-x64': [ '1.11.1' ],
91 silly audit   '@unrs/resolver-binding-freebsd-x64': [ '1.11.1' ],
91 silly audit   '@unrs/resolver-binding-linux-arm-gnueabihf': [ '1.11.1' ],
91 silly audit   '@unrs/resolver-binding-linux-arm-musleabihf': [ '1.11.1' ],
91 silly audit   '@unrs/resolver-binding-linux-arm64-gnu': [ '1.11.1' ],
91 silly audit   '@unrs/resolver-binding-linux-arm64-musl': [ '1.11.1' ],
91 silly audit   '@unrs/resolver-binding-linux-ppc64-gnu': [ '1.11.1' ],
91 silly audit   '@unrs/resolver-binding-linux-riscv64-gnu': [ '1.11.1' ],
91 silly audit   '@unrs/resolver-binding-linux-riscv64-musl': [ '1.11.1' ],
91 silly audit   '@unrs/resolver-binding-linux-s390x-gnu': [ '1.11.1' ],
91 silly audit   '@unrs/resolver-binding-linux-x64-gnu': [ '1.11.1' ],
91 silly audit   '@unrs/resolver-binding-linux-x64-musl': [ '1.11.1' ],
91 silly audit   '@unrs/resolver-binding-wasm32-wasi': [ '1.11.1' ],
91 silly audit   '@unrs/resolver-binding-win32-arm64-msvc': [ '1.11.1' ],
91 silly audit   '@unrs/resolver-binding-win32-ia32-msvc': [ '1.11.1' ],
91 silly audit   '@unrs/resolver-binding-win32-x64-msvc': [ '1.11.1' ],
91 silly audit   acorn: [ '8.16.0' ],
91 silly audit   'acorn-jsx': [ '5.3.2' ],
91 silly audit   ajv: [ '6.15.0' ],
91 silly audit   'ansi-styles': [ '4.3.0' ],
91 silly audit   argparse: [ '2.0.1' ],
91 silly audit   'aria-query': [ '5.3.2' ],
91 silly audit   'array-buffer-byte-length': [ '1.0.2' ],
91 silly audit   'array-includes': [ '3.1.9' ],
91 silly audit   'array.prototype.findlast': [ '1.2.5' ],
91 silly audit   'array.prototype.findlastindex': [ '1.2.6' ],
91 silly audit   'array.prototype.flat': [ '1.3.3' ],
91 silly audit   'array.prototype.flatmap': [ '1.3.3' ],
91 silly audit   'array.prototype.tosorted': [ '1.1.4' ],
91 silly audit   'arraybuffer.prototype.slice': [ '1.0.4' ],
91 silly audit   'ast-types-flow': [ '0.0.8' ],
91 silly audit   'async-function': [ '1.0.0' ],
91 silly audit   asynckit: [ '0.4.0' ],
91 silly audit   'available-typed-arrays': [ '1.0.7' ],
91 silly audit   'axe-core': [ '4.11.3' ],
91 silly audit   axios: [ '1.15.2' ],
91 silly audit   'axobject-query': [ '4.1.0' ],
91 silly audit   'baseline-browser-mapping': [ '2.10.23' ],
91 silly audit   bcryptjs: [ '3.0.3' ],
91 silly audit   braces: [ '3.0.3' ],
91 silly audit   browserslist: [ '4.28.2' ],
91 silly audit   bson: [ '7.2.0' ],
91 silly audit   'buffer-equal-constant-time': [ '1.0.1' ],
91 silly audit   'call-bind': [ '1.0.9' ],
91 silly audit   'call-bind-apply-helpers': [ '1.0.2' ],
91 silly audit   'call-bound': [ '1.0.4' ],
91 silly audit   callsites: [ '3.1.0' ],
91 silly audit   'caniuse-lite': [ '1.0.30001791' ],
91 silly audit   chalk: [ '4.1.2' ],
91 silly audit   'client-only': [ '0.0.1' ],
91 silly audit   'color-convert': [ '2.0.1' ],
91 silly audit   'color-name': [ '1.1.4' ],
91 silly audit   'combined-stream': [ '1.0.8' ],
91 silly audit   'concat-map': [ '0.0.1' ],
91 silly audit   'convert-source-map': [ '2.0.0' ],
91 silly audit   cookie: [ '1.1.1' ],
91 silly audit   'cross-spawn': [ '7.0.6' ],
91 silly audit   'damerau-levenshtein': [ '1.0.8' ],
91 silly audit   'data-view-buffer': [ '1.0.2' ],
91 silly audit   'data-view-byte-length': [ '1.0.2' ],
91 silly audit   'data-view-byte-offset': [ '1.0.1' ],
91 silly audit   debug: [ '4.4.3', '3.2.7' ],
91 silly audit   'deep-is': [ '0.1.4' ],
91 silly audit   'define-data-property': [ '1.1.4' ],
91 silly audit   'define-properties': [ '1.2.1' ],
91 silly audit   'delayed-stream': [ '1.0.0' ],
91 silly audit   'detect-libc': [ '2.1.2' ],
91 silly audit   doctrine: [ '2.1.0' ],
91 silly audit   'dunder-proto': [ '1.0.1' ],
91 silly audit   'ecdsa-sig-formatter': [ '1.0.11' ],
91 silly audit   'electron-to-chromium': [ '1.5.344' ],
91 silly audit   'emoji-regex': [ '9.2.2' ],
91 silly audit   'es-abstract': [ '1.24.2' ],
91 silly audit   'es-define-property': [ '1.0.1' ],
91 silly audit   'es-errors': [ '1.3.0' ],
91 silly audit   'es-iterator-helpers': [ '1.3.2' ],
91 silly audit   'es-object-atoms': [ '1.1.1' ],
91 silly audit   'es-set-tostringtag': [ '2.1.0' ],
91 silly audit   'es-shim-unscopables': [ '1.1.0' ],
91 silly audit   'es-to-primitive': [ '1.3.0' ],
91 silly audit   escalade: [ '3.2.0' ],
91 silly audit   'escape-string-regexp': [ '4.0.0' ],
91 silly audit   eslint: [ '9.39.4' ],
91 silly audit   'eslint-config-next': [ '16.2.4' ],
91 silly audit   globals: [ '16.4.0', '14.0.0' ],
91 silly audit   'eslint-import-resolver-node': [ '0.3.10' ],
91 silly audit   'eslint-import-resolver-typescript': [ '3.10.1' ],
91 silly audit   'eslint-module-utils': [ '2.12.1' ],
91 silly audit   'eslint-plugin-import': [ '2.32.0' ],
91 silly audit   'eslint-plugin-jsx-a11y': [ '6.10.2' ],
91 silly audit   'eslint-plugin-react': [ '7.37.5' ],
91 silly audit   'eslint-plugin-react-hooks': [ '7.1.1' ],
91 silly audit   'eslint-scope': [ '8.4.0' ],
91 silly audit   espree: [ '10.4.0' ],
91 silly audit   esquery: [ '1.7.0' ],
91 silly audit   esrecurse: [ '4.3.0' ],
91 silly audit   estraverse: [ '5.3.0' ],
91 silly audit   esutils: [ '2.0.3' ],
91 silly audit   'fast-deep-equal': [ '3.1.3' ],
91 silly audit   'fast-glob': [ '3.3.1' ],
91 silly audit   'glob-parent': [ '5.1.2', '6.0.2' ],
91 silly audit   'fast-json-stable-stringify': [ '2.1.0' ],
91 silly audit   'fast-levenshtein': [ '2.0.6' ],
91 silly audit   fastq: [ '1.20.1' ],
91 silly audit   'file-entry-cache': [ '8.0.0' ],
91 silly audit   'fill-range': [ '7.1.1' ],
91 silly audit   'find-up': [ '5.0.0' ],
91 silly audit   'flat-cache': [ '4.0.1' ],
91 silly audit   flatted: [ '3.4.2' ],
91 silly audit   'follow-redirects': [ '1.16.0' ],
91 silly audit   'for-each': [ '0.3.5' ],
91 silly audit   'form-data': [ '4.0.5' ],
91 silly audit   'function-bind': [ '1.1.2' ],
91 silly audit   'function.prototype.name': [ '1.1.8' ],
91 silly audit   'functions-have-names': [ '1.2.3' ],
91 silly audit   'generator-function': [ '2.0.1' ],
91 silly audit   gensync: [ '1.0.0-beta.2' ],
91 silly audit   'get-intrinsic': [ '1.3.0' ],
91 silly audit   'get-proto': [ '1.0.1' ],
91 silly audit   'get-symbol-description': [ '1.1.0' ],
91 silly audit   'get-tsconfig': [ '4.14.0' ],
91 silly audit   globalthis: [ '1.0.4' ],
91 silly audit   gopd: [ '1.2.0' ],
91 silly audit   gsap: [ '3.15.0' ],
91 silly audit   'has-bigints': [ '1.1.0' ],
91 silly audit   'has-flag': [ '4.0.0' ],
91 silly audit   'has-property-descriptors': [ '1.0.2' ],
91 silly audit   'has-proto': [ '1.2.0' ],
91 silly audit   'has-symbols': [ '1.1.0' ],
91 silly audit   'has-tostringtag': [ '1.0.2' ],
91 silly audit   hasown: [ '2.0.3' ],
91 silly audit   'hermes-estree': [ '0.25.1' ],
91 silly audit   'hermes-parser': [ '0.25.1' ],
91 silly audit   immer: [ '11.1.4' ],
91 silly audit   'import-fresh': [ '3.3.1' ],
91 silly audit   imurmurhash: [ '0.1.4' ],
91 silly audit   'internal-slot': [ '1.1.0' ],
91 silly audit   'is-array-buffer': [ '3.0.5' ],
91 silly audit   'is-async-function': [ '2.1.1' ],
91 silly audit   'is-bigint': [ '1.1.0' ],
91 silly audit   'is-boolean-object': [ '1.2.2' ],
91 silly audit   'is-bun-module': [ '2.0.0' ],
91 silly audit   'is-callable': [ '1.2.7' ],
91 silly audit   'is-core-module': [ '2.16.1' ],
91 silly audit   'is-data-view': [ '1.0.2' ],
91 silly audit   'is-date-object': [ '1.1.0' ],
91 silly audit   'is-extglob': [ '2.1.1' ],
91 silly audit   'is-finalizationregistry': [ '1.1.1' ],
91 silly audit   'is-generator-function': [ '1.1.2' ],
91 silly audit   'is-glob': [ '4.0.3' ],
91 silly audit   'is-map': [ '2.0.3' ],
91 silly audit   'is-negative-zero': [ '2.0.3' ],
91 silly audit   'is-number': [ '7.0.0' ],
91 silly audit   'is-number-object': [ '1.1.1' ],
91 silly audit   'is-regex': [ '1.2.1' ],
91 silly audit   'is-set': [ '2.0.3' ],
91 silly audit   'is-shared-array-buffer': [ '1.0.4' ],
91 silly audit   'is-string': [ '1.1.1' ],
91 silly audit   'is-symbol': [ '1.1.1' ],
91 silly audit   'is-typed-array': [ '1.1.15' ],
91 silly audit   'is-weakmap': [ '2.0.2' ],
91 silly audit   'is-weakref': [ '1.1.1' ],
91 silly audit   'is-weakset': [ '2.0.4' ],
91 silly audit   isarray: [ '2.0.5' ],
91 silly audit   isexe: [ '2.0.0' ],
91 silly audit   'iterator.prototype': [ '1.1.5' ],
91 silly audit   'js-tokens': [ '4.0.0' ],
91 silly audit   'js-yaml': [ '4.1.1' ],
91 silly audit   jsesc: [ '3.1.0' ],
91 silly audit   'json-buffer': [ '3.0.1' ],
91 silly audit   'json-schema-traverse': [ '0.4.1' ],
91 silly audit   'json-stable-stringify-without-jsonify': [ '1.0.1' ],
91 silly audit   json5: [ '2.2.3', '1.0.2' ],
91 silly audit   jsonwebtoken: [ '9.0.3' ],
91 silly audit   'jsx-ast-utils': [ '3.3.5' ],
91 silly audit   jwa: [ '2.0.1' ],
91 silly audit   jws: [ '4.0.1' ],
91 silly audit   kareem: [ '3.3.0' ],
91 silly audit   keyv: [ '4.5.4' ],
91 silly audit   'language-subtag-registry': [ '0.3.23' ],
91 silly audit   'language-tags': [ '1.0.9' ],
91 silly audit   lenis: [ '1.3.23' ],
91 silly audit   levn: [ '0.4.1' ],
91 silly audit   'locate-path': [ '6.0.0' ],
91 silly audit   'lodash.includes': [ '4.3.0' ],
91 silly audit   'lodash.isboolean': [ '3.0.3' ],
91 silly audit   'lodash.isinteger': [ '4.0.4' ],
91 silly audit   'lodash.isnumber': [ '3.0.3' ],
91 silly audit   'lodash.isplainobject': [ '4.0.6' ],
91 silly audit   'lodash.isstring': [ '4.0.1' ],
91 silly audit   'lodash.merge': [ '4.6.2' ],
91 silly audit   'lodash.once': [ '4.1.1' ],
91 silly audit   'loose-envify': [ '1.4.0' ],
91 silly audit   'lru-cache': [ '5.1.1' ],
91 silly audit   'math-intrinsics': [ '1.1.0' ],
91 silly audit   'memory-pager': [ '1.5.0' ],
91 silly audit   merge2: [ '1.4.1' ],
91 silly audit   micromatch: [ '4.0.8' ],
91 silly audit   'mime-db': [ '1.52.0' ],
91 silly audit   'mime-types': [ '2.1.35' ],
91 silly audit   minimist: [ '1.2.8' ],
91 silly audit   mongodb: [ '7.2.0' ],
91 silly audit   'mongodb-connection-string-url': [ '7.0.1' ],
91 silly audit   mongoose: [ '9.6.0' ],
91 silly audit   mpath: [ '0.9.0' ],
91 silly audit   mquery: [ '6.0.0' ],
91 silly audit   ms: [ '2.1.3' ],
91 silly audit   nanoid: [ '3.3.11' ],
91 silly audit   'napi-postinstall': [ '0.3.4' ],
91 silly audit   'natural-compare': [ '1.4.0' ],
91 silly audit   next: [ '16.2.4' ],
91 silly audit   'node-exports-info': [ '1.6.0' ],
91 silly audit   'node-releases': [ '2.0.38' ],
91 silly audit   nodemailer: [ '8.0.7' ],
91 silly audit   'object-assign': [ '4.1.1' ],
91 silly audit   'object-inspect': [ '1.13.4' ],
91 silly audit   'object-keys': [ '1.1.1' ],
91 silly audit   'object.assign': [ '4.1.7' ],
91 silly audit   'object.entries': [ '1.1.9' ],
91 silly audit   'object.fromentries': [ '2.0.8' ],
91 silly audit   'object.groupby': [ '1.0.3' ],
91 silly audit   'object.values': [ '1.2.1' ],
91 silly audit   optionator: [ '0.9.4' ],
91 silly audit   'own-keys': [ '1.0.1' ],
91 silly audit   'p-limit': [ '3.1.0' ],
91 silly audit   'p-locate': [ '5.0.0' ],
91 silly audit   'parent-module': [ '1.0.1' ],
91 silly audit   'path-exists': [ '4.0.0' ],
91 silly audit   'path-key': [ '3.1.1' ],
91 silly audit   'path-parse': [ '1.0.7' ],
91 silly audit   picocolors: [ '1.1.1' ],
91 silly audit   picomatch: [ '2.3.2', '4.0.4' ],
91 silly audit   'possible-typed-array-names': [ '1.1.0' ],
91 silly audit   postcss: [ '8.4.31' ],
91 silly audit   'prelude-ls': [ '1.2.1' ],
91 silly audit   'prop-types': [ '15.8.1' ],
91 silly audit   'proxy-from-env': [ '2.1.0' ],
91 silly audit   punycode: [ '2.3.1' ],
91 silly audit   'queue-microtask': [ '1.2.3' ],
91 silly audit   react: [ '19.2.4' ],
91 silly audit   'react-dom': [ '19.2.4' ],
91 silly audit   'react-is': [ '16.13.1' ],
91 silly audit   'react-redux': [ '9.2.0' ],
91 silly audit   'react-router': [ '7.14.2' ],
91 silly audit   redux: [ '5.0.1' ],
91 silly audit   'redux-thunk': [ '3.1.0' ],
91 silly audit   'reflect.getprototypeof': [ '1.0.10' ],
91 silly audit   'regexp.prototype.flags': [ '1.5.4' ],
91 silly audit   reselect: [ '5.1.1' ],
91 silly audit   resolve: [ '2.0.0-next.6' ],
91 silly audit   'resolve-from': [ '4.0.0' ],
91 silly audit   'resolve-pkg-maps': [ '1.0.0' ],
91 silly audit   reusify: [ '1.1.0' ],
91 silly audit   'run-parallel': [ '1.2.0' ],
91 silly audit   'safe-array-concat': [ '1.1.4' ],
91 silly audit   'safe-buffer': [ '5.2.1' ],
91 silly audit   'safe-push-apply': [ '1.0.0' ],
91 silly audit   'safe-regex-test': [ '1.1.0' ],
91 silly audit   scheduler: [ '0.27.0' ],
91 silly audit   'set-cookie-parser': [ '2.7.2' ],
91 silly audit   'set-function-length': [ '1.2.2' ],
91 silly audit   'set-function-name': [ '2.0.2' ],
91 silly audit   'set-proto': [ '1.0.0' ],
91 silly audit   sharp: [ '0.34.5' ],
91 silly audit   'shebang-command': [ '2.0.0' ],
91 silly audit   'shebang-regex': [ '3.0.0' ],
91 silly audit   'side-channel': [ '1.1.0' ],
91 silly audit   'side-channel-list': [ '1.0.1' ],
91 silly audit   'side-channel-map': [ '1.0.1' ],
91 silly audit   'side-channel-weakmap': [ '1.0.2' ],
91 silly audit   sift: [ '17.1.3' ],
91 silly audit   'source-map-js': [ '1.2.1' ],
91 silly audit   'sparse-bitfield': [ '3.0.3' ],
91 silly audit   'stable-hash': [ '0.0.5' ],
91 silly audit   'stop-iteration-iterator': [ '1.1.0' ],
91 silly audit   'string.prototype.includes': [ '2.0.1' ],
91 silly audit   'string.prototype.matchall': [ '4.0.12' ],
91 silly audit   'string.prototype.repeat': [ '1.0.0' ],
91 silly audit   'string.prototype.trim': [ '1.2.10' ],
91 silly audit   'string.prototype.trimend': [ '1.0.9' ],
91 silly audit   'string.prototype.trimstart': [ '1.0.8' ],
91 silly audit   'strip-bom': [ '3.0.0' ],
91 silly audit   'strip-json-comments': [ '3.1.1' ],
91 silly audit   'styled-jsx': [ '5.1.6' ],
91 silly audit   'supports-color': [ '7.2.0' ],
91 silly audit   'supports-preserve-symlinks-flag': [ '1.0.0' ],
91 silly audit   three: [ '0.184.0' ],
91 silly audit   tinyglobby: [ '0.2.16' ],
91 silly audit   fdir: [ '6.5.0' ],
91 silly audit   'to-regex-range': [ '5.0.1' ],
91 silly audit   tr46: [ '5.1.1' ],
91 silly audit   'ts-api-utils': [ '2.5.0' ],
91 silly audit   'tsconfig-paths': [ '3.15.0' ],
91 silly audit   tslib: [ '2.8.1' ],
91 silly audit   'type-check': [ '0.4.0' ],
91 silly audit   'typed-array-buffer': [ '1.0.3' ],
91 silly audit   'typed-array-byte-length': [ '1.0.3' ],
91 silly audit   'typed-array-byte-offset': [ '1.0.4' ],
91 silly audit   'typed-array-length': [ '1.0.7' ],
91 silly audit   typescript: [ '6.0.3' ],
91 silly audit   'typescript-eslint': [ '8.59.1' ],
91 silly audit   'unbox-primitive': [ '1.1.0' ],
91 silly audit   'unrs-resolver': [ '1.11.1' ],
91 silly audit   'update-browserslist-db': [ '1.2.3' ],
91 silly audit   'uri-js': [ '4.4.1' ],
91 silly audit   'use-sync-external-store': [ '1.6.0' ],
91 silly audit   'webidl-conversions': [ '7.0.0' ],
91 silly audit   'whatwg-url': [ '14.2.0' ],
91 silly audit   which: [ '2.0.2' ],
91 silly audit   'which-boxed-primitive': [ '1.1.1' ],
91 silly audit   'which-builtin-type': [ '1.2.1' ],
91 silly audit   'which-collection': [ '1.0.2' ],
91 silly audit   'which-typed-array': [ '1.1.20' ],
91 silly audit   'word-wrap': [ '1.2.5' ],
91 silly audit   yallist: [ '3.1.1' ],
91 silly audit   'yocto-queue': [ '0.1.0' ],
91 silly audit   zod: [ '4.3.6' ],
91 silly audit   'zod-validation-error': [ '4.0.2' ],
91 silly audit   cloudinary: [ '2.10.0' ],
91 silly audit   multer: [ '2.1.1' ],
91 silly audit   lodash: [ '4.18.1' ],
91 silly audit   'append-field': [ '1.0.0' ],
91 silly audit   busboy: [ '1.6.0' ],
91 silly audit   'concat-stream': [ '2.0.0' ],
91 silly audit   'type-is': [ '1.6.18' ],
91 silly audit   streamsearch: [ '1.1.0' ],
91 silly audit   'buffer-from': [ '1.1.2' ],
91 silly audit   inherits: [ '2.0.4' ],
91 silly audit   'readable-stream': [ '3.6.2' ],
91 silly audit   typedarray: [ '0.0.6' ],
91 silly audit   string_decoder: [ '1.3.0' ],
91 silly audit   'util-deprecate': [ '1.0.2' ],
91 silly audit   'media-typer': [ '0.3.0' ]
91 silly audit }
92 http cache typedarray@https://registry.npmjs.org/typedarray/-/typedarray-0.0.6.tgz 0ms (cache hit)
93 http cache media-typer@https://registry.npmjs.org/media-typer/-/media-typer-0.3.0.tgz 0ms (cache hit)
94 http cache util-deprecate@https://registry.npmjs.org/util-deprecate/-/util-deprecate-1.0.2.tgz 0ms (cache hit)
95 http cache string_decoder@https://registry.npmjs.org/string_decoder/-/string_decoder-1.3.0.tgz 0ms (cache hit)
96 http cache inherits@https://registry.npmjs.org/inherits/-/inherits-2.0.4.tgz 0ms (cache hit)
97 http cache readable-stream@https://registry.npmjs.org/readable-stream/-/readable-stream-3.6.2.tgz 0ms (cache hit)
98 http cache streamsearch@https://registry.npmjs.org/streamsearch/-/streamsearch-1.1.0.tgz 0ms (cache hit)
99 http cache type-is@https://registry.npmjs.org/type-is/-/type-is-1.6.18.tgz 0ms (cache hit)
100 http cache busboy@https://registry.npmjs.org/busboy/-/busboy-1.6.0.tgz 0ms (cache hit)
101 http cache buffer-from@https://registry.npmjs.org/buffer-from/-/buffer-from-1.1.2.tgz 0ms (cache hit)
102 http cache concat-stream@https://registry.npmjs.org/concat-stream/-/concat-stream-2.0.0.tgz 0ms (cache hit)
103 http cache lodash@https://registry.npmjs.org/lodash/-/lodash-4.18.1.tgz 0ms (cache hit)
104 http cache append-field@https://registry.npmjs.org/append-field/-/append-field-1.0.0.tgz 0ms (cache hit)
105 http cache multer@https://registry.npmjs.org/multer/-/multer-2.1.1.tgz 0ms (cache hit)
106 http cache cloudinary@https://registry.npmjs.org/cloudinary/-/cloudinary-2.10.0.tgz 0ms (cache hit)
107 silly tarball no local data for typedarray@https://registry.npmjs.org/typedarray/-/typedarray-0.0.6.tgz. Extracting by manifest.
108 silly tarball no local data for media-typer@https://registry.npmjs.org/media-typer/-/media-typer-0.3.0.tgz. Extracting by manifest.
109 silly tarball no local data for util-deprecate@https://registry.npmjs.org/util-deprecate/-/util-deprecate-1.0.2.tgz. Extracting by manifest.
110 silly tarball no local data for string_decoder@https://registry.npmjs.org/string_decoder/-/string_decoder-1.3.0.tgz. Extracting by manifest.
111 silly tarball no local data for inherits@https://registry.npmjs.org/inherits/-/inherits-2.0.4.tgz. Extracting by manifest.
112 silly tarball no local data for readable-stream@https://registry.npmjs.org/readable-stream/-/readable-stream-3.6.2.tgz. Extracting by manifest.
113 silly tarball no local data for streamsearch@https://registry.npmjs.org/streamsearch/-/streamsearch-1.1.0.tgz. Extracting by manifest.
114 silly tarball no local data for type-is@https://registry.npmjs.org/type-is/-/type-is-1.6.18.tgz. Extracting by manifest.
115 silly tarball no local data for busboy@https://registry.npmjs.org/busboy/-/busboy-1.6.0.tgz. Extracting by manifest.
116 silly tarball no local data for buffer-from@https://registry.npmjs.org/buffer-from/-/buffer-from-1.1.2.tgz. Extracting by manifest.
117 silly tarball no local data for concat-stream@https://registry.npmjs.org/concat-stream/-/concat-stream-2.0.0.tgz. Extracting by manifest.
118 silly tarball no local data for lodash@https://registry.npmjs.org/lodash/-/lodash-4.18.1.tgz. Extracting by manifest.
119 silly tarball no local data for append-field@https://registry.npmjs.org/append-field/-/append-field-1.0.0.tgz. Extracting by manifest.
120 silly tarball no local data for multer@https://registry.npmjs.org/multer/-/multer-2.1.1.tgz. Extracting by manifest.
121 silly tarball no local data for cloudinary@https://registry.npmjs.org/cloudinary/-/cloudinary-2.10.0.tgz. Extracting by manifest.
122 http fetch GET 200 https://registry.npmjs.org/media-typer/-/media-typer-0.3.0.tgz 201ms (cache miss)
123 http fetch GET 200 https://registry.npmjs.org/util-deprecate/-/util-deprecate-1.0.2.tgz 201ms (cache miss)
124 http fetch GET 200 https://registry.npmjs.org/inherits/-/inherits-2.0.4.tgz 201ms (cache miss)
125 http fetch GET 200 https://registry.npmjs.org/string_decoder/-/string_decoder-1.3.0.tgz 202ms (cache miss)
126 http fetch GET 200 https://registry.npmjs.org/typedarray/-/typedarray-0.0.6.tgz 214ms (cache miss)
127 http fetch POST 200 https://registry.npmjs.org/-/npm/v1/security/advisories/bulk 420ms
128 silly audit report {
128 silly audit report   postcss: [
128 silly audit report     {
128 silly audit report       id: 1117015,
128 silly audit report       url: 'https://github.com/advisories/GHSA-qx2v-qp2m-jg93',
128 silly audit report       title: 'PostCSS has XSS via Unescaped </style> in its CSS Stringify Output',
128 silly audit report       severity: 'moderate',
128 silly audit report       vulnerable_versions: '<8.5.10',
128 silly audit report       cwe: [Array],
128 silly audit report       cvss: [Object]
128 silly audit report     }
128 silly audit report   ]
128 silly audit report }
129 silly packumentCache corgi:https://registry.npmjs.org/postcss cache-miss
130 http fetch GET 200 https://registry.npmjs.org/postcss 117ms (cache revalidated)
131 silly packumentCache corgi:https://registry.npmjs.org/postcss set size:343029 disposed:false
132 silly packumentCache corgi:https://registry.npmjs.org/next cache-miss
133 http fetch GET 200 https://registry.npmjs.org/append-field/-/append-field-1.0.0.tgz 574ms (cache miss)
134 http fetch GET 200 https://registry.npmjs.org/cloudinary/-/cloudinary-2.10.0.tgz 615ms (cache miss)
135 http fetch GET 200 https://registry.npmjs.org/concat-stream/-/concat-stream-2.0.0.tgz 662ms (cache miss)
136 http fetch GET 200 https://registry.npmjs.org/next 267ms (cache revalidated)
137 silly packumentCache corgi:https://registry.npmjs.org/next set size:24842227 disposed:false
138 http fetch GET 200 https://registry.npmjs.org/buffer-from/-/buffer-from-1.1.2.tgz 1388ms (cache miss)
139 http fetch GET 200 https://registry.npmjs.org/type-is/-/type-is-1.6.18.tgz 1395ms (cache miss)
140 http fetch GET 200 https://registry.npmjs.org/streamsearch/-/streamsearch-1.1.0.tgz 1408ms (cache miss)
141 http fetch GET 200 https://registry.npmjs.org/multer/-/multer-2.1.1.tgz 1415ms (cache miss)
142 http fetch GET 200 https://registry.npmjs.org/readable-stream/-/readable-stream-3.6.2.tgz 1428ms (cache miss)
143 http fetch GET 200 https://registry.npmjs.org/busboy/-/busboy-1.6.0.tgz 1441ms (cache miss)
144 http fetch GET 200 https://registry.npmjs.org/lodash/-/lodash-4.18.1.tgz 2308ms (cache miss)
145 silly ADD node_modules/media-typer
146 silly ADD node_modules/util-deprecate
147 silly ADD node_modules/string_decoder
148 silly ADD node_modules/typedarray
149 silly ADD node_modules/readable-stream
150 silly ADD node_modules/inherits
151 silly ADD node_modules/buffer-from
152 silly ADD node_modules/streamsearch
153 silly ADD node_modules/type-is
154 silly ADD node_modules/concat-stream
155 silly ADD node_modules/busboy
156 silly ADD node_modules/append-field
157 silly ADD node_modules/lodash
158 silly ADD node_modules/multer
159 silly ADD node_modules/cloudinary
160 verbose cwd D:\Kodex\collabs\conch\application
161 verbose os Windows_NT 10.0.26200
162 verbose node v22.20.0
163 verbose npm  v11.10.1
164 verbose exit 0
165 info ok
